<?xml version="1.0" encoding="UTF-8"?>
<!-- Generated by org.testng.reporters.JUnitReportReporter -->
<testsuite hostname="LAPTOP-40JBD1IP" name="runners.TestNGRunner" tests="1" failures="0" timestamp="12 Jul 2025 13:30:07 GMT" time="32.987" errors="0">
  <testcase name="runScenario" time="32.987" classname="runners.TestNGRunner"/>
</testsuite> <!-- runners.TestNGRunner -->
